<?xml version="1.0" encoding="UTF-8"?>
<testsuite xmlns:xsi="http://www.w3.org/2001/XMLSchema-instance" xsi:noNamespaceSchemaLocation="https://maven.apache.org/surefire/maven-surefire-plugin/xsd/surefire-test-report-3.0.xsd" version="3.0" name="com.upb.agripos.CartServiceTest" time="0.114" tests="12" errors="0" skipped="0" failures="0">
  <properties>
[...]
</properties>
  <testcase name="testValidateEmptyCart" classname="com.upb.agripos.CartServiceTest" time="0.043"/>
  <testcase name="testClearCart" classname="com.upb.agripos.CartServiceTest" time="0.008"/>
  <testcase name="testAddInvalidQuantity" classname="com.upb.agripos.CartServiceTest" time="0.001"/>
  <testcase name="testAddItemToEmptyCart" classname="com.upb.agripos.CartServiceTest" time="0.005"/>
  <testcase name="testValidateNonEmptyCart" classname="com.upb.agripos.CartServiceTest" time="0.002"/>
  <testcase name="testRemoveItemFromCart" classname="com.upb.agripos.CartServiceTest" time="0.003"/>
  <testcase name="testAddNullProduct" classname="com.upb.agripos.CartServiceTest" time="0.001"/>
  <testcase name="testRemoveNonExistentItem" classname="com.upb.agripos.CartServiceTest" time="0.002"/>
  <testcase name="testAddMultipleDifferentProducts" classname="com.upb.agripos.CartServiceTest" time="0.001"/>
  <testcase name="testUpdateItemQuantity" classname="com.upb.agripos.CartServiceTest" time="0.004"/>
  <testcase name="testAddSameProductUpdatesQuantity" classname="com.upb.agripos.CartServiceTest" time="0.0"/>
  <testcase name="testAddQuantityExceedingStock" classname="com.upb.agripos.CartServiceTest" time="0.001"/>
</testsuite>